Determining if the pthread_create exist failed with the following output:
Change Dir: /home/kuang/workspace/robotics/ROS/seek/catkin_ws/src/cmake-build-debug/CMakeFiles/CMakeTmp

Run Build Command:"/usr/bin/make" "cmTC_52067/fast"
/usr/bin/make -f CMakeFiles/cmTC_52067.dir/build.make CMakeFiles/cmTC_52067.dir/build
make[1]: Entering directory '/home/kuang/workspace/robotics/ROS/seek/catkin_ws/src/cmake-build-debug/CMakeFiles/CMakeTmp'
Building C object CMakeFiles/cmTC_52067.dir/CheckSymbolExists.c.o
/usr/bin/cc    -o CMakeFiles/cmTC_52067.dir/CheckSymbolExists.c.o   -c /home/kuang/workspace/robotics/ROS/seek/catkin_ws/src/cmake-build-debug/CMakeFiles/CMakeTmp/CheckSymbolExists.c
Linking C executable cmTC_52067
/home/kuang/workspace/c++/clion-2017.3.4/bin/cmake/bin/cmake -E cmake_link_script CMakeFiles/cmTC_52067.dir/link.txt --verbose=1
/usr/bin/cc      -rdynamic CMakeFiles/cmTC_52067.dir/CheckSymbolExists.c.o  -o cmTC_52067 
CMakeFiles/cmTC_52067.dir/CheckSymbolExists.c.o：在函数‘main’中：
CheckSymbolExists.c:(.text+0x16)：对‘pthread_create’未定义的引用
collect2: error: ld returned 1 exit status
CMakeFiles/cmTC_52067.dir/build.make:97: recipe for target 'cmTC_52067' failed
make[1]: *** [cmTC_52067] Error 1
make[1]: Leaving directory '/home/kuang/workspace/robotics/ROS/seek/catkin_ws/src/cmake-build-debug/CMakeFiles/CMakeTmp'
Makefile:126: recipe for target 'cmTC_52067/fast' failed
make: *** [cmTC_52067/fast] Error 2

File /home/kuang/workspace/robotics/ROS/seek/catkin_ws/src/cmake-build-debug/CMakeFiles/CMakeTmp/CheckSymbolExists.c:
/* */
#include <pthread.h>

int main(int argc, char** argv)
{
  (void)argv;
#ifndef pthread_create
  return ((int*)(&pthread_create))[argc];
#else
  (void)argc;
  return 0;
#endif
}

Determining if the function pthread_create exists in the pthreads failed with the following output:
Change Dir: /home/kuang/workspace/robotics/ROS/seek/catkin_ws/src/cmake-build-debug/CMakeFiles/CMakeTmp

Run Build Command:"/usr/bin/make" "cmTC_57fa2/fast"
/usr/bin/make -f CMakeFiles/cmTC_57fa2.dir/build.make CMakeFiles/cmTC_57fa2.dir/build
make[1]: Entering directory '/home/kuang/workspace/robotics/ROS/seek/catkin_ws/src/cmake-build-debug/CMakeFiles/CMakeTmp'
Building C object CMakeFiles/cmTC_57fa2.dir/CheckFunctionExists.c.o
/usr/bin/cc   -DCHECK_FUNCTION_EXISTS=pthread_create   -o CMakeFiles/cmTC_57fa2.dir/CheckFunctionExists.c.o   -c /home/kuang/workspace/c++/clion-2017.3.4/bin/cmake/share/cmake-3.9/Modules/CheckFunctionExists.c
Linking C executable cmTC_57fa2
/home/kuang/workspace/c++/clion-2017.3.4/bin/cmake/bin/cmake -E cmake_link_script CMakeFiles/cmTC_57fa2.dir/link.txt --verbose=1
/usr/bin/cc  -DCHECK_FUNCTION_EXISTS=pthread_create    -rdynamic CMakeFiles/cmTC_57fa2.dir/CheckFunctionExists.c.o  -o cmTC_57fa2 -lpthreads 
/usr/bin/ld: 找不到 -lpthreads
collect2: error: ld returned 1 exit status
CMakeFiles/cmTC_57fa2.dir/build.make:97: recipe for target 'cmTC_57fa2' failed
make[1]: *** [cmTC_57fa2] Error 1
make[1]: Leaving directory '/home/kuang/workspace/robotics/ROS/seek/catkin_ws/src/cmake-build-debug/CMakeFiles/CMakeTmp'
Makefile:126: recipe for target 'cmTC_57fa2/fast' failed
make: *** [cmTC_57fa2/fast] Error 2


